<?xml version="1.0" encoding="UTF-8"?>
<testng-results ignored="0" total="1" passed="1" failed="0" skipped="0">
  <reporter-output>
  </reporter-output>
  <suite started-at="2022-12-26T18:28:33 IST" name="Suite" finished-at="2022-12-26T18:28:41 IST" duration-ms="8480">
    <groups>
    </groups>
    <test started-at="2022-12-26T18:28:33 IST" name="Test" finished-at="2022-12-26T18:28:41 IST" duration-ms="8480">
      <class name="com.neo.NeoStox">
        <test-method signature="launchingNeo()[pri:0, instance:com.neo.NeoStox@550dbc7a]" started-at="2022-12-26T18:28:33 IST" name="launchingNeo" finished-at="2022-12-26T18:28:41 IST" duration-ms="8428" status="PASS">
          <reporter-output>
          </reporter-output>
        </test-method> <!-- launchingNeo -->
      </class> <!-- com.neo.NeoStox -->
    </test> <!-- Test -->
  </suite> <!-- Suite -->
</testng-results>
