<?xml version="1.0" encoding="UTF-8"?>
<testng-results ignored="0" total="1" passed="1" failed="0" skipped="0">
  <reporter-output>
  </reporter-output>
  <suite started-at="2022-12-26T17:02:59 IST" name="Default suite" finished-at="2022-12-26T17:03:10 IST" duration-ms="11074">
    <groups>
    </groups>
    <test started-at="2022-12-26T17:02:59 IST" name="Default test" finished-at="2022-12-26T17:03:10 IST" duration-ms="11074">
      <class name="com.neo.NeoStox">
        <test-method signature="launchingNeo()[pri:0, instance:com.neo.NeoStox@20ccf40b]" started-at="2022-12-26T17:02:59 IST" name="launchingNeo" finished-at="2022-12-26T17:03:10 IST" duration-ms="11010" status="PASS">
          <reporter-output>
          </reporter-output>
        </test-method> <!-- launchingNeo -->
      </class> <!-- com.neo.NeoStox -->
    </test> <!-- Default test -->
  </suite> <!-- Default suite -->
</testng-results>
